This is e-upTeX, Version 3.141592653-p4.0.0-u1.28-220214-2.6 (utf8.uptex) (TeX Live 2022) (preloaded format=uplatex)
 \write18 enabled.
entering extended mode
(./physics_2nd_A5_Print.tex
pLaTeX2e <2021-11-15u04> (based on LaTeX2e <2021-11-15> patch level 1)
L3 programming layer <2022-02-24> (./extbook.cls
Document Class: extbook 1999/01/07 v1.4a NON-Standard LaTeX document class
(c:/texlive/2022/texmf-dist/tex/latex/base/fleqn.clo)
(c:/texlive/2022/texmf-dist/tex/latex/extsizes/size9.clo)
(c:/texlive/2022/texmf-dist/tex/latex/base/exscale.sty)) (./usepackage.tex
(c:/texlive/2022/texmf-dist/tex/latex/graphics/graphicx.sty
(c:/texlive/2022/texmf-dist/tex/latex/graphics/keyval.sty)
(c:/texlive/2022/texmf-dist/tex/latex/graphics/graphics.sty
(c:/texlive/2022/texmf-dist/tex/latex/graphics/trig.sty)
(c:/texlive/2022/texmf-dist/tex/latex/graphics-cfg/graphics.cfg)
(c:/texlive/2022/texmf-dist/tex/latex/graphics-def/dvipdfmx.def)))
(c:/texlive/2022/texmf-dist/tex/latex/graphics/color.sty
(c:/texlive/2022/texmf-dist/tex/latex/graphics-cfg/color.cfg)
(c:/texlive/2022/texmf-dist/tex/latex/graphics-def/dvips.def)
(c:/texlive/2022/texmf-dist/tex/latex/graphics/dvipsnam.def))
(c:/texlive/2022/texmf-dist/tex/latex/tools/bm.sty) (./fancyhdr.sty)
(./bbding.sty) (c:/texlive/2022/texmf-dist/tex/latex/base/textcomp.sty)
(c:/texlive/2022/texmf-dist/tex/platex/jsclasses/okumacro.sty) (./fancybox.sty
Style option: `fancybox' v1.4 <2010/05/15> (tvz)
) (c:/texlive/2022/texmf-dist/tex/latex/ascmac/ascmac.sty
(c:/texlive/2022/texmf-dist/tex/latex/ascmac/tascmac.sty))
(c:/texlive/2022/texmf-dist/tex/latex/amsfonts/amsfonts.sty)
(c:/texlive/2022/texmf-dist/tex/latex/amscls/amsthm.sty)
(c:/texlive/2022/texmf-dist/tex/latex/amsmath/amsmath.sty
For additional information on amsmath, use the `?' option.
(c:/texlive/2022/texmf-dist/tex/latex/amsmath/amstext.sty
(c:/texlive/2022/texmf-dist/tex/latex/amsmath/amsgen.sty))
(c:/texlive/2022/texmf-dist/tex/latex/amsmath/amsbsy.sty)
(c:/texlive/2022/texmf-dist/tex/latex/amsmath/amsopn.sty))
(c:/texlive/2022/texmf-dist/tex/latex/amsfonts/amssymb.sty)
(c:/texlive/2022/texmf-dist/tex/latex/mathtools/mathtools.sty
(c:/texlive/2022/texmf-dist/tex/latex/tools/calc.sty)
(c:/texlive/2022/texmf-dist/tex/latex/mathtools/mhsetup.sty))
(c:/texlive/2022/texmf-dist/tex/latex/doublestroke/dsfont.sty)
(c:/texlive/2022/texmf-dist/tex/latex/base/fontenc.sty)
(c:/texlive/2022/texmf-dist/tex/latex/psnfss/pifont.sty
(I search kanjifont definition file: . . ) (I search font definition file: . .
. . . . . ) (c:/texlive/2022/texmf-dist/tex/latex/psnfss/upzd.fd)
(I search kanjifont definition file: . . ) (I search font definition file: . .
. . . . . ) (c:/texlive/2022/texmf-dist/tex/latex/psnfss/upsy.fd))
(./enumitem.sty) (./onlyamsmath.sty) (./url.sty)
(c:/texlive/2022/texmf-dist/tex/latex/base/makeidx.sty) (./titlepic.sty)
(c:/texlive/2022/texmf-dist/tex/latex/mhchem/mhchem.sty
(c:/texlive/2022/texmf-dist/tex/latex/l3kernel/expl3.sty
(c:/texlive/2022/texmf-dist/tex/latex/l3backend/l3backend-dvips.def))
(c:/texlive/2022/texmf-dist/tex/latex/l3packages/l3keys2e/l3keys2e.sty)
(c:/texlive/2022/texmf-dist/tex/latex/chemgreek/chemgreek.sty
(c:/texlive/2022/texmf-dist/tex/latex/l3packages/xparse/xparse.sty)))
(c:/texlive/2022/texmf-dist/tex/latex/setspace/setspace.sty) (./wasysym.sty)
(c:/texlive/2022/texmf-dist/tex/latex/tools/layout.sty) (./braket.sty)
(c:/texlive/2022/texmf-dist/tex/latex/physics/physics.sty)
(c:/texlive/2022/texmf-dist/tex/platex/pxrubrica/pxrubrica.sty)
(c:/texlive/2022/texmf-dist/tex/platex/base/plext.sty)
(c:/texlive/2022/texmf-dist/tex/latex/base/fontenc.sty)
(c:/texlive/2022/texmf-dist/tex/latex/base/inputenc.sty)
(c:/texlive/2022/texmf-dist/tex/latex/pxfonts/pxfonts.sty)) (./hyoushi.tex)
Writing index file physics_2nd_A5_Print.idx
(./renewcommand.tex) (./text_layout_A5_Print.tex (./quotchap.sty))
(c:/texlive/2022/texmf-dist/tex/latex/pxfonts/t1pxr.fd)

LaTeX Warning: Unused global option(s):
    [uplatex].

(./physics_2nd_A5_Print.aux

LaTeX Warning: Label `fig:HoubutsuSen' multiply defined.


LaTeX Warning: Label `fig:HoubutsuSen' multiply defined.


LaTeX Warning: Label `fig:wakusei_kepler_low' multiply defined.


LaTeX Warning: Label `fig:DoutaiZetsuentai001' multiply defined.


LaTeX Warning: Label `fig:koyuuji1' multiply defined.


LaTeX Warning: Label `eq:EB_energy' multiply defined.


LaTeX Warning: Label `fig:netsu_heikou' multiply defined.


LaTeX Warning: Label `fig:netsu_heikou' multiply defined.


LaTeX Warning: Label `fig:netsu_heikou' multiply defined.


LaTeX Warning: Label `fig:kokutai_housha_1' multiply defined.


LaTeX Warning: Label `fig:sorenoido11' multiply defined.


LaTeX Warning: Label `fig:sorenoido22' multiply defined.


LaTeX Warning: Label `sorenoidoB' multiply defined.


LaTeX Warning: Label `table:f4unit' multiply defined.


LaTeX Warning: Label `fig:ThomomExpElec001' multiply defined.

) (c:/texlive/2022/texmf-dist/tex/latex/pxfonts/omlpxmi.fd)
(c:/texlive/2022/texmf-dist/tex/latex/pxfonts/omspxsy.fd)
(c:/texlive/2022/texmf-dist/tex/latex/pxfonts/omxpxex.fd)
(c:/texlive/2022/texmf-dist/tex/latex/pxfonts/upxexa.fd) (./pre_process.tex
(c:/texlive/2022/texmf-dist/tex/latex/pxfonts/ot1pxr.fd)
(c:/texlive/2022/texmf-dist/tex/latex/pxfonts/upxsya.fd)
(c:/texlive/2022/texmf-dist/tex/latex/pxfonts/upxsyb.fd)
(c:/texlive/2022/texmf-dist/tex/latex/wasysym/uwasy.fd)
(c:/texlive/2022/texmf-dist/tex/latex/pxfonts/upxmia.fd)
(c:/texlive/2022/texmf-dist/tex/latex/pxfonts/upxsyc.fd) [1] [2]
(./About_this_Note.tex

LaTeX Font Warning: Font shape `U/wasy/b/n' in size <8> not available
(Font)              Font shape `U/wasy/m/n' tried instead on input line 3.


LaTeX Font Warning: Font shape `U/wasy/b/n' in size <6> not available
(Font)              Font shape `U/wasy/m/n' tried instead on input line 3.


LaTeX Font Warning: Font shape `U/wasy/b/n' in size <5> not available
(Font)              Font shape `U/wasy/m/n' tried instead on input line 3.

[1]) [2] (./ref_symbol.tex

LaTeX Font Warning: Font shape `U/wasy/b/n' in size <9> not available
(Font)              Font shape `U/wasy/m/n' tried instead on input line 18.

[3] [4]) [5] (./kijutu_naiyou.tex) [6] (./kijutu_chuui.tex [7] [8] [9])
[10] (./greek_alphabet.tex) [11] [12]
(c:/texlive/2022/texmf-dist/tex/latex/psnfss/t1ptm.fd)
(./physics_2nd_A5_Print.toc [13] [14] [15] [16] [17]
Underfull \vbox (badness 1024) has occurred while \output is active [18]
[19]
Underfull \vbox (badness 1024) has occurred while \output is active [20]
[21] [22] [23] [24] [25] [26] [27]
Underfull \vbox (badness 2368) has occurred while \output is active [28]
[29] [30] [31] [32] [33] [34] [35] [36] [37] [38] [39] [40] [41] [42] [43]
[44] [45] [46]) [47] [48]) (./Main.tex [1] [2] (./PhysNote_CM.tex
Chapter 1.
(./PhysNote_CM_PhysIntro.tex [3] [4]
(c:/texlive/2022/texmf-dist/tex/latex/pxfonts/ts1pxr.fd) [5] [6]
Underfull \vbox (badness 1127) has occurred while \output is active [7]
[8] [9]
Overfull \vbox (0.1048pt too high) has occurred while \output is active
[10] [11]
Underfull \vbox (badness 10000) has occurred while \output is active [12]
[13] [14] [15] [16] [17]
Overfull \vbox (1.32329pt too high) has occurred while \output is active
[18] [19] [20] [21] [22] [23]
Overfull \vbox (4.56834pt too high) has occurred while \output is active
[24] [25]
Underfull \vbox (badness 10000) has occurred while \output is active [26]
[27] [28] [29] [30] [31]

LaTeX Font Warning: Font shape `U/wasy/b/n' in size <7> not available
(Font)              Font shape `U/wasy/m/n' tried instead on input line 1737.


Underfull \vbox (badness 2846) has occurred while \output is active [32]
[33] [34] [35] [36] [37] [38]) [39] [40]
Chapter 2.
(./PhysNote_CM_MechIntro.tex
Overfull \vbox (4.79456pt too high) has occurred while \output is active
[41] [42] [43] [44] [45]
Overfull \hbox (1.31598pt too wide) in paragraph at lines 300--319
\JY2/mc/m/n/9 物理学では ， 以下の \T1/pxr/m/n/9 4 \JY2/mc/m/n/9 つ
を ， 測定可能な最も基本的な量としている （ 図\T1/pxr/m/n/
9 48.1\JY2/mc/m/n/9 ）[][][]．
[46] [47]
Overfull \vbox (4.41335pt too high) has occurred while \output is active
[48] [49]
Underfull \vbox (badness 1259) has occurred while \output is active [50]
Overfull \vbox (3.06416pt too high) has occurred while \output is active
[51]
Overfull \vbox (3.37038pt too high) has occurred while \output is active
[52] [53] [54] [55] [56] [57]
Overfull \vbox (4.21179pt too high) has occurred while \output is active
[58] [59]
Underfull \vbox (badness 10000) has occurred while \output is active [60]
Overfull \vbox (2.8622pt too high) has occurred while \output is active
[61] [62]) [63] [64]
Chapter 3.
(./PhysNote_CM_Kinematics.tex [65] [66] [67] [68] [69] [70] [71]
Overfull \vbox (0.27765pt too high) has occurred while \output is active
[72]
Overfull \vbox (4.3196pt too high) has occurred while \output is active
[73] [74]
Overfull \vbox (0.65831pt too high) has occurred while \output is active
[75]
Underfull \vbox (badness 3312) has occurred while \output is active [76]
[77] [78] [79] [80] [81] [82] [83] [84] [85] [86] [87]) [88]
Chapter 4.
(./PhysNote_CM_LawKinemaGrav.tex [89] [90] [91] [92] [93] [94]
Underfull \vbox (badness 7291) has occurred while \output is active [95]
Overfull \vbox (4.99947pt too high) has occurred while \output is active
[96]) [97] [98]
Chapter 5.
(./PhysNote_CM_ConservationLaw.tex
Underfull \vbox (badness 10000) has occurred while \output is active [99]
Overfull \vbox (4.61697pt too high) has occurred while \output is active
[100] [101] [102] [103]
Underfull \vbox (badness 3579) has occurred while \output is active [104]
[105] [106] [107] [108] [109] [110] [111] [112] [113] [114] [115] [116]
[117] [118] [119] [120] [121] [122]
Overfull \vbox (6.97934pt too high) has occurred while \output is active
[123] [124] [125]
Overfull \vbox (0.7834pt too high) has occurred while \output is active
[126] [127] [128] [129] [130] [131]
Overfull \vbox (3.65756pt too high) has occurred while \output is active
[132]
Overfull \hbox (14.25002pt too wide) in paragraph at lines 1702--1720
[][][][] 

Overfull \hbox (14.25002pt too wide) in paragraph at lines 1752--1770
[][][][] 
[133] [134] [135] [136] [137]) [138]
Chapter 6.
(./PhysNote_CM_Zahyou.tex [139] [140] [141] [142] [143]
Underfull \vbox (badness 1102) has occurred while \output is active [144]
[145]
Underfull \vbox (badness 7203) has occurred while \output is active [146]
[147] [148] [149]) [150]
Chapter 7.
(./PhysNote_CM_KineEqEx.tex
Underfull \vbox (badness 1259) has occurred while \output is active [151]
[152] [153] [154]
Overfull \hbox (14.25002pt too wide) in paragraph at lines 235--253
[][][][] 
[155] [156] [157] [158] [159] [160] [161] [162] [163]
Overfull \hbox (6.97957pt too wide) in paragraph at lines 690--701
[][][][] \JY2/mc/m/n/8 上記の添字で ，  $\OML/pxmi/m/it/8 E$ \JY2/mc/m/n
/8 は地球 \T1/pxr/m/n/8 (Earth)\JY2/mc/m/n/8 ，
[164] [165] [166] [167] [168] [169]
(c:/texlive/2022/texmf-dist/tex/latex/pxfonts/t1pxss.fd)
Underfull \hbox (badness 2772) in paragraph at lines 1032--1032
[][]\T1/pxr/m/n/7 Python(2.7.3) \JY2/mc/m/n/7 を使 って計算した ． \T1
/pxss/m/n/7 im-port math \JY2/mc/m/n/7 で数学関数をインポ ートした
後 ，
[170] [171]
Underfull \hbox (badness 2772) in paragraph at lines 1089--1089
[][]\T1/pxr/m/n/7 Python(2.7.3) \JY2/mc/m/n/7 を使 って計算した ． \T1
/pxss/m/n/7 im-port math \JY2/mc/m/n/7 で数学関数をインポ ートした
後 ，
[172] [173] [174] [175] [176] [177]) [178]
Chapter 8.
(./PhysNote_CM_Kepler.tex
Underfull \vbox (badness 10000) has occurred while \output is active [179]
[180]) [181] [182]
Chapter 9.
(./PhysNote_CM_Analysis.tex [183] [184] [185] [186] [187] [188] [189] [190]
[191] [192] [193] [194] [195] [196] [197] [198] [199] [200] [201] [202]
[203]
Underfull \vbox (badness 2310) has occurred while \output is active [204]
[205] [206] [207] [208] [209] [210] [211] [212] [213] [214] [215] [216]))
[217] [218] [219] [220] (./PhysNote_EM_1st.tex
Chapter 10.
(./PhysNote_EM_1st_Intro.tex [221] [222]
Underfull \vbox (badness 2126) has occurred while \output is active [223])
[224]
Chapter 11.
(./PhysNote_EM_1st_GeneralIdea.tex
Underfull \vbox (badness 10000) has occurred while \output is active [225]
[226]
Underfull \vbox (badness 1953) has occurred while \output is active [227]
[228] [229] [230] [231] [232] [233] [234] [235]
Overfull \vbox (5.27965pt too high) has occurred while \output is active
[236]
Underfull \vbox (badness 10000) has occurred while \output is active [237]
Overfull \hbox (14.25002pt too wide) in paragraph at lines 677--693
[][][][] 

Underfull \vbox (badness 10000) has occurred while \output is active [238]
Underfull \vbox (badness 4595) has occurred while \output is active [239]
[240] [241] [242]) (./PhysNote_EM_1st_RShipIandRho.tex [243]
Overfull \hbox (14.25002pt too wide) in paragraph at lines 101--117
[][][][] 
[244] [245]) [246]
Chapter 12.
(./PhysNote_EM_1st_CoulombLow.tex
Overfull \hbox (14.25002pt too wide) in paragraph at lines 51--67
[][][][] 

Underfull \vbox (badness 10000) has occurred while \output is active [247]
[248] [249] [250]
Overfull \vbox (4.6317pt too high) has occurred while \output is active
[251] [252] [253] [254]
Overfull \hbox (14.25002pt too wide) in paragraph at lines 436--452
[][][][] 
[255] [256]
Underfull \vbox (badness 1189) has occurred while \output is active [257]
Overfull \hbox (14.25002pt too wide) in paragraph at lines 620--636
[][][][] 
[258]) [259] [260]
Chapter 13.
(./PhysNote_EM_1st_Elefield.tex
Underfull \vbox (badness 1205) has occurred while \output is active [261]
Overfull \hbox (14.25002pt too wide) in paragraph at lines 72--88
[][][][] 
[262] [263] [264] [265] [266]
Overfull \vbox (3.48264pt too high) has occurred while \output is active
[267]
Overfull \hbox (1.6195pt too wide) in paragraph at lines 504--505
 [] 

Overfull \hbox (14.25pt too wide) in paragraph at lines 501--517
[][][][] 
[268] (c:/texlive/2022/texmf-dist/tex/latex/pxfonts/t1pxtt.fd)
Underfull \hbox (badness 3138) in paragraph at lines 528--528
\JY2/mc/m/n/7 図 \T1/pxr/m/n/7 13.4(B) \JY2/mc/m/n/7 は $\T1/pxtt/m/n/7 http 
: / / www . keirinkan . com / kori / kori _ physics / kori _ physics _ 1 _ kait
ei /

Overfull \hbox (14.25002pt too wide) in paragraph at lines 534--550
[][][][] 

Underfull \hbox (badness 3209) in paragraph at lines 555--555
[][]$\T1/pxtt/m/n/7 http : / / www15 . wind . ne . jp / ~Glauben _ leben / Butu
ri / Denjiki / Denjikibase1 . htm$ \JY2/mc/m/n/7 より
[269]) [270]
Chapter 14.
(./PhysNote_EM_1st_Magfield.tex
Overfull \hbox (14.25002pt too wide) in paragraph at lines 27--43
[][][][] 
[271]
Overfull \vbox (1.79729pt too high) has occurred while \output is active
[272]
Overfull \hbox (14.25002pt too wide) in paragraph at lines 126--142
[][][][] 

Underfull \vbox (badness 10000) has occurred while \output is active [273]
Overfull \hbox (14.25002pt too wide) in paragraph at lines 219--236
[][][][] 
[274] [275] [276] [277]) [278]
Chapter 15.
(./PhysNote_EM_1st_LorentzForce.tex [279]
Overfull \vbox (4.35898pt too high) has occurred while \output is active
[280]) [281] [282]
Chapter 16.
(./PhysNote_EM_1st_MaxEqImage.tex [283]
Overfull \hbox (14.25002pt too wide) in paragraph at lines 123--139
[][][][] 

Overfull \vbox (3.93172pt too high) has occurred while \output is active
[284]
Underfull \vbox (badness 3333) has occurred while \output is active [285]
Overfull \hbox (14.25002pt too wide) in paragraph at lines 211--227
[][][][] 
[286] [287] [288] [289]
Underfull \vbox (badness 2401) has occurred while \output is active [290]
[291]
Overfull \hbox (14.25002pt too wide) in paragraph at lines 516--532
[][][][] 

Underfull \vbox (badness 6016) has occurred while \output is active [292]
[293] [294]) [295] [296]
Chapter 17.
(./PhysNote_EM_1st_GaussLowEF.tex
Overfull \hbox (14.25002pt too wide) in paragraph at lines 31--43
[][][][] 
[297] [298] [299] [300]
Overfull \hbox (14.25002pt too wide) in paragraph at lines 274--290
[][][][] 
[301] [302] [303] [304] [305] [306] [307] [308] [309] [310]
Overfull \hbox (14.25002pt too wide) in paragraph at lines 847--866
[][][][] 

Overfull \hbox (14.25002pt too wide) in paragraph at lines 870--888
[][][][] 
[311] [312] [313] [314] [315] [316]
Overfull \vbox (0.29736pt too high) has occurred while \output is active
[317]
Underfull \vbox (badness 2653) has occurred while \output is active [318]
[319]
Underfull \vbox (badness 6691) has occurred while \output is active [320]
[321] [322]
Underfull \vbox (badness 1735) has occurred while \output is active [323])
[324]
Chapter 18.
(./PhysNote_EM_1st_GaussLowBF.tex [325]

LaTeX Warning: Command \b invalid in math mode on input line 71.

[326] [327]) [328] [329] [330]
Chapter 19.
(./PhysNote_EM_1st_AMLaw.tex [331]
Underfull \vbox (badness 2285) has occurred while \output is active [332]
[333] [334] [335] [336] [337]
Overfull \hbox (14.25002pt too wide) in paragraph at lines 437--453
[][][][] 
[338] [339] [340]) [341] [342]
Chapter 20.
(./PhysNote_EM_1st_EInduction.tex [343]
Underfull \vbox (badness 6284) has occurred while \output is active [344]
[345] [346] [347] [348])) [349] [350] [351] [352] (./PhysNote_SR.tex
Chapter 21.
(./PhysNote_SR_MsgFirst.tex
Overfull \vbox (3.44266pt too high) has occurred while \output is active
[353]) [354]
Chapter 22.
(./PhysNote_SR_TwoPrinc.tex
Overfull \vbox (0.3856pt too high) has occurred while \output is active
[355]
Underfull \vbox (badness 5288) has occurred while \output is active [356]
Overfull \vbox (6.01724pt too high) has occurred while \output is active
[357] [358] [359] [360] [361]) [362] [363] [364]
Chapter 23.
(./PhysNote_SR_SRPheno.tex
Overfull \vbox (4.7649pt too high) has occurred while \output is active
[365] [366] [367] [368] [369] [370] [371] [372] [373] [374] [375] [376]
[377] [378] [379] [380] [381] [382] [383] [384] [385] [386]) [387] [388]
Chapter 24.
(./PhysNote_SR_SRMech.tex [389] [390] [391] [392] [393] [394] [395] [396]
[397] [398] [399] [400] [401] [402] [403] [404] [405])) [406] [407] [408]
(./PhysNote_EM_2nd.tex
Chapter 25.
(./PhysNote_EM_2nd_MsgFirst.tex [409] [410]) (./PhysNote_EM_2nd_ReMkTheory.tex
Underfull \vbox (badness 2293) has occurred while \output is active [411]
Overfull \hbox (14.25002pt too wide) in paragraph at lines 48--64
[][][][] 
[412] [413] [414]) [415] [416]
Chapter 26.
(./PhysNote_EM_2nd_RadioWave.tex
Underfull \vbox (badness 1281) has occurred while \output is active [417]
Overfull \vbox (1.02368pt too high) has occurred while \output is active
[418] [419] [420] [421] [422] [423] [424] [425] [426] [427] [428] [429])
[430]
Chapter 27.
(./PhysNote_EM_2nd_Phenomenon.tex
Underfull \vbox (badness 10000) has occurred while \output is active [431])
[432]
Chapter 28.
(./PhysNote_EM_2nd_Potential.tex [433] [434] [435] [436]
Overfull \hbox (4.234pt too wide) in paragraph at lines 297--300
\JY2/mc/m/n/9 となる ． ここで ， 少 々トリ ッキ ーな操作を
行う ． この式の両辺に $\OMS/pxsy/m/n/9 ^^@\OML/pxmi/m/it/9 "[]^^V[]\
OT1/pxr/m/n/9 (\OML/pxmi/m/it/9 @[]^^^=@t[]\OT1/pxr/m/n/9 )$
[437]
Underfull \vbox (badness 10000) has occurred while \output is active [438]
[439] [440]
Underfull \vbox (badness 10000) has occurred while \output is active [441]
[442]) (./PhysNote_EM_2nd_ToSpecialRelativity.tex
Underfull \vbox (badness 6047) has occurred while \output is active [443]
[444] [445])) [446] [447] [448] (./PhysNote_Statics.tex
Chapter 29.
(./PhysNote_TM_Introduction.tex [449] [450] [451] [452]
Overfull \vbox (3.0711pt too high) has occurred while \output is active
[453] [454] [455] [456] [457]
Underfull \vbox (badness 10000) has occurred while \output is active [458]
[459] [460]) [461] [462]
Chapter 30.
(./PhysNote_ST_StatGasEq.tex [463]
Overfull \vbox (1.57059pt too high) has occurred while \output is active
[464] [465] [466] [467] [468] [469] [470] [471] [472]) [473] [474]
Chapter 31.
(./PhysNote_ST_GasMolTheory.tex [475] [476] [477] [478]
Underfull \vbox (badness 10000) has occurred while \output is active [479]
[480])) [481] [482] [483] [484] (./PhysNote_QM.tex
Chapter 32.
(./PhysNote_QM_Particles.tex
Underfull \vbox (badness 10000) has occurred while \output is active [485]
Overfull \vbox (2.3922pt too high) has occurred while \output is active
[486] [487] [488] [489] [490]) [491] [492]
Chapter 33.
(./PhysNote_QM_Intro.tex
Overfull \vbox (2.67058pt too high) has occurred while \output is active
[493]
Underfull \vbox (badness 7540) has occurred while \output is active [494]
[495]
Underfull \vbox (badness 2521) has occurred while \output is active [496]
[497] [498] [499] [500]
Overfull \hbox (14.25002pt too wide) in paragraph at lines 370--386
[][][][] 
[501]) [502]
Chapter 34.
(./PhysNote_QM_Main.tex [503] [504] [505] [506] [507] [508] [509] [510]
[511] [512] [513] [514] [515]) [516]
Chapter 35.
(./PhysNote_QM_RQM.tex [517] [518])) [519] [520] [521] [522]
(./PhysNote_SSPE.tex
Chapter 36.
(./PhysNote_SSPE_Bands.tex)
Underfull \vbox (badness 10000) has occurred while \output is active [523]
[524]
Chapter 37.
(./PhysNote_Semiconductor.tex [525]
Underfull \vbox (badness 10000) has occurred while \output is active [526]
[527]
Overfull \vbox (5.28072pt too high) has occurred while \output is active
[528] [529]
Overfull \hbox (14.25002pt too wide) in paragraph at lines 276--292
[][][][] 

Overfull \hbox (14.25002pt too wide) in paragraph at lines 295--311
[][][][] 
[530] [531]
Overfull \hbox (14.25002pt too wide) in paragraph at lines 406--422
[][][][] 
[532] [533]
Overfull \hbox (14.25002pt too wide) in paragraph at lines 443--459
[][][][] 

Overfull \hbox (14.25002pt too wide) in paragraph at lines 473--489
[][][][] 
)
Underfull \vbox (badness 6078) has occurred while \output is active [534])
[535] [536] [537] [538] (./PhysNote_EECircuit.tex
Chapter 38.
(./PhysNote_EECircuit_RLCDiTr.tex
Overfull \vbox (0.98961pt too high) has occurred while \output is active
[539]
Overfull \vbox (3.69159pt too high) has occurred while \output is active
[540] [541]
Underfull \vbox (badness 10000) has occurred while \output is active [542]
Overfull \vbox (2.43881pt too high) has occurred while \output is active
[543]
Overfull \vbox (1.46635pt too high) has occurred while \output is active
[544] [545] [546] [547] [548] [549] [550]
Overfull \hbox (14.25002pt too wide) in paragraph at lines 631--647
[][][][] 
[551] [552]
Overfull \hbox (14.25002pt too wide) in paragraph at lines 727--743
[][][][] 

Underfull \vbox (badness 10000) has occurred while \output is active [553]
Overfull \vbox (1.8586pt too high) has occurred while \output is active
[554]
Underfull \vbox (badness 4832) has occurred while \output is active [555]
[556]
Underfull \vbox (badness 1715) has occurred while \output is active [557]
[558] [559] [560] [561] [562] [563] [564] [565] [566] [567] [568] [569]

LaTeX Warning: Command \l invalid in math mode on input line 1603.


LaTeX Warning: Command \l invalid in math mode on input line 1626.


LaTeX Warning: Command \l invalid in math mode on input line 1626.

[570] [571] [572] [573]) [574]
Chapter 39.
(./PhysNote_EECircuit_Ecirc00.tex) [575] [576]
Chapter 40.
(./PhysNote_EECircuit_Ecirc01.tex) [577] [578]
Chapter 41.
(./PhysNote_EECircuit_CompPrim.tex
Overfull \vbox (4.42514pt too high) has occurred while \output is active
[579]
Overfull \hbox (14.25002pt too wide) in paragraph at lines 95--111
[][][][] 

Overfull \hbox (14.25002pt too wide) in paragraph at lines 113--129
[][][][] 
[580] [581]
Underfull \vbox (badness 10000) has occurred while \output is active [582]
[583]
Underfull \vbox (badness 4266) has occurred while \output is active [584]
Underfull \vbox (badness 10000) has occurred while \output is active [585]))
(./Math_Top.tex [586] [587] [588] [589] [590] (./PhysNote_Math.tex
Chapter 42.
(./PhysNote_Math_MsgFirst.tex
Overfull \vbox (2.60507pt too high) has occurred while \output is active
[591]) [592] [593] [594]
Chapter 43.
(./PhysNote_Math_Function.tex (./PhysNote_Math_Function_Set.tex [595] [596]
[597] [598] [599] [600] [601] [602]

LaTeX Warning: Reference `fig:kyoutububun1' on page 603 undefined on input line
 480.


Overfull \hbox (14.25002pt too wide) in paragraph at lines 484--500
[][][][] 
[603] [604]
Overfull \vbox (3.96623pt too high) has occurred while \output is active
[605] [606] [607] [608] [609]) (./PhysNote_Math_Function_Mapping.tex [610]
[611] [612] [613]
Overfull \hbox (14.25002pt too wide) in paragraph at lines 233--250
[][][][]

Overfull \hbox (14.25002pt too wide) in paragraph at lines 261--277
[][][][] 

Overfull \vbox (1.23509pt too high) has occurred while \output is active
[614]
Overfull \hbox (14.25002pt too wide) in paragraph at lines 311--327
[][][][] 
[615] [616] [617] [618] [619])) [620]
Chapter 44.
(./PhysNote_Math_sincos.tex [621]) [622]
Chapter 45.
(./PhysNote_Math_DifrAndIntg.tex (./PhysNote_Math_DifrAndIntg_inf.tex [623]
[624] [625] [626] [627]) (./PhysNote_Math_DifrAndIntg_intg.tex [628] [629]
[630] [631]
Overfull \hbox (14.25002pt too wide) in paragraph at lines 231--247
[][][][] 

Overfull \vbox (3.9104pt too high) has occurred while \output is active
[632] [633] [634]
Overfull \vbox (2.41226pt too high) has occurred while \output is active
[635] [636] [637]
Underfull \vbox (badness 2173) has occurred while \output is active [638]
[639]
Overfull \hbox (14.25002pt too wide) in paragraph at lines 695--711
[][][][] 

Overfull \vbox (6.15103pt too high) has occurred while \output is active
[640] [641] [642]) (./PhysNote_Math_DifrAndIntg_difr.tex [643] [644] [645]
[646] [647] [648] [649] [650]) (./PhysNote_Math_Fomulas.tex [651] [652]
Overfull \hbox (1.01556pt too wide) detected at line 75
[]
[653] [654] [655])) [656]
Chapter 46.
(./PhysNote_Math_DifrEq.tex (./PhysNote_Math_DifrEq_Intro.tex)) [657] [658]
Chapter 47.
(./PhysNote_Math_Vector.tex (./PhysNote_Math_Vector_def.tex [659] [660]
[661] [662] [663]) [664] (./PhysNote_Math_Vector_AddSubMul.tex [665] [666]
Overfull \vbox (4.06583pt too high) has occurred while \output is active
[667]) (./PhysNote_Math_Vector_NaiSekiGaiSeki.tex
Underfull \vbox (badness 1168) has occurred while \output is active [668]
[669] [670] [671]
Overfull \hbox (14.25002pt too wide) in paragraph at lines 229--247
[][][][] 
[672] [673] [674] [675] [676] [677]
Overfull \hbox (14.25002pt too wide) in paragraph at lines 656--674
[][][][] 
) (./PhysNote_Math_Vector_TaniVector.tex
Overfull \vbox (4.25537pt too high) has occurred while \output is active
[678] [679] [680] [681] [682])) [683] [684]
Chapter 48.
(./PhysNote_Math_VctrAnlys.tex
Overfull \vbox (3.04202pt too high) has occurred while \output is active
[685] [686] [687] [688]
Overfull \hbox (14.25002pt too wide) in paragraph at lines 217--233
[][][][] 

Overfull \hbox (43.9157pt too wide) in paragraph at lines 263--264
 [] 

Overfull \hbox (43.9157pt too wide) in paragraph at lines 270--271
 [] 

Overfull \hbox (14.25002pt too wide) in paragraph at lines 260--276
[][][][] 
[689] [690] [691] [692]
Overfull \hbox (14.25002pt too wide) in paragraph at lines 466--482
[][][][] 
[693] [694] [695] [696] [697] [698]
Overfull \hbox (14.25002pt too wide) in paragraph at lines 778--794
[][][][] 

Overfull \hbox (14.25002pt too wide) in paragraph at lines 827--843
[][][][] 

Overfull \vbox (4.31607pt too high) has occurred while \output is active
[699] [700]) [701] [702]
Chapter 49.
(./PhysNote_Math_Matrix.tex)) [703] [704] [705] [706]
(./PhysNote_Introduction.tex
Appendix A.
[707]
Overfull \vbox (0.73842pt too high) has occurred while \output is active
[708]
Underfull \vbox (badness 1565) has occurred while \output is active [709]
[710]
Appendix B.
) [711] [712] [713] [714] (./PhysNote_Apdx_Omoukoto.tex
Appendix C.
(./PhysNote_Apdx_Omoukoto_SobokuGimon.tex
Overfull \vbox (5.00064pt too high) has occurred while \output is active
[715]
Underfull \vbox (badness 4205) has occurred while \output is active [716])
[717] [718]
Appendix D.
(./PhysNote_Apdx_Omoukoto_LogicMathEtc.tex
Overfull \vbox (4.94167pt too high) has occurred while \output is active
[719] [720]) [721] [722]
Appendix E.
(./PhysNote_Apdx_Omoukoto_TaaiNaiOmoukoto.tex
Underfull \vbox (badness 10000) has occurred while \output is active [723]
[724])) (./PhysNote_Apdx_Vocabularry.tex
Underfull \vbox (badness 10000) has occurred while \output is active [725])))
(./end_process.tex (./thebibliogeaphy.tex [726] [727]) [728]
(./physics_2nd_A5_Print.lof [729] [730]
Underfull \vbox (badness 3942) has occurred while \output is active [731]
[732] [733] [734] [735] [736] [737]
Underfull \vbox (badness 1460) has occurred while \output is active [738])
[739] [740] (./PhysNote_MsgLast.tex)
No file physics_2nd_A5_Print.ind.
) [741] (./physics_2nd_A5_Print.aux)

LaTeX Warning: There were undefined references.


LaTeX Warning: There were multiply-defined labels.

 )
(see the transcript file for additional information)
Output written on physics_2nd_A5_Print.dvi (791 pages, 3072580 bytes).
Transcript written on physics_2nd_A5_Print.log.
