This is e-upTeX, Version 3.141592653-p3.9.1-u1.27-210218-2.6 (utf8.uptex) (TeX Live 2022/dev/Debian) (preloaded format=uplatex)
 \write18 enabled.
entering extended mode
(./physics_2nd_A4_Normal.tex
pLaTeX2e <2021-11-15u04> (based on LaTeX2e <2021-11-15> patch level 1)
L3 programming layer <2022-01-21>
(/usr/share/texlive/texmf-dist/tex/uplatex/base/ujbook.cls
Document Class: ujbook 2020/09/30 v1.8f-u00 Standard upLaTeX class
(/usr/share/texlive/texmf-dist/tex/latex/base/fleqn.clo)
(/usr/share/texlive/texmf-dist/tex/uplatex/base/ujbk10.clo)) (./usepackage.tex
(/usr/share/texlive/texmf-dist/tex/latex/graphics/graphicx.sty
(/usr/share/texlive/texmf-dist/tex/latex/graphics/keyval.sty)
(/usr/share/texlive/texmf-dist/tex/latex/graphics/graphics.sty
(/usr/share/texlive/texmf-dist/tex/latex/graphics/trig.sty)
(/usr/share/texlive/texmf-dist/tex/latex/graphics-cfg/graphics.cfg)
(/usr/share/texlive/texmf-dist/tex/latex/graphics-def/dvipdfmx.def)))
(/usr/share/texlive/texmf-dist/tex/latex/graphics/color.sty
(/usr/share/texlive/texmf-dist/tex/latex/graphics-cfg/color.cfg)
(/usr/share/texlive/texmf-dist/tex/latex/graphics-def/dvips.def)
(/usr/share/texlive/texmf-dist/tex/latex/graphics/dvipsnam.def))
(/usr/share/texlive/texmf-dist/tex/latex/tools/bm.sty) (./fancyhdr.sty)
(./bbding.sty) (/usr/share/texlive/texmf-dist/tex/latex/base/textcomp.sty)
(/usr/share/texlive/texmf-dist/tex/platex/jsclasses/okumacro.sty)
(./fancybox.sty
Style option: `fancybox' v1.4 <2010/05/15> (tvz)
) (/usr/share/texlive/texmf-dist/tex/latex/ascmac/ascmac.sty
(/usr/share/texlive/texmf-dist/tex/latex/ascmac/tascmac.sty))
(/usr/share/texlive/texmf-dist/tex/latex/amsfonts/amsfonts.sty)
(/usr/share/texlive/texmf-dist/tex/latex/amscls/amsthm.sty)
(/usr/share/texlive/texmf-dist/tex/latex/amsmath/amsmath.sty
For additional information on amsmath, use the `?' option.
(/usr/share/texlive/texmf-dist/tex/latex/amsmath/amstext.sty
(/usr/share/texlive/texmf-dist/tex/latex/amsmath/amsgen.sty))
(/usr/share/texlive/texmf-dist/tex/latex/amsmath/amsbsy.sty)
(/usr/share/texlive/texmf-dist/tex/latex/amsmath/amsopn.sty))
(/usr/share/texlive/texmf-dist/tex/latex/amsfonts/amssymb.sty)
(/usr/share/texlive/texmf-dist/tex/latex/mathtools/mathtools.sty
(/usr/share/texlive/texmf-dist/tex/latex/tools/calc.sty)
(/usr/share/texlive/texmf-dist/tex/latex/mathtools/mhsetup.sty))
(/usr/share/texlive/texmf-dist/tex/latex/doublestroke/dsfont.sty)
(/usr/share/texlive/texmf-dist/tex/latex/base/fontenc.sty)
(/usr/share/texlive/texmf-dist/tex/latex/psnfss/pifont.sty
(I search kanjifont definition file: . . ) (I search font definition file: . .
. . . . . ) (/usr/share/texlive/texmf-dist/tex/latex/psnfss/upzd.fd)
(I search kanjifont definition file: . . ) (I search font definition file: . .
. . . . . ) (/usr/share/texlive/texmf-dist/tex/latex/psnfss/upsy.fd))
(./enumitem.sty) (./onlyamsmath.sty) (./url.sty)
(/usr/share/texlive/texmf-dist/tex/latex/base/makeidx.sty) (./titlepic.sty)
(/usr/share/texlive/texmf-dist/tex/latex/mhchem/mhchem.sty
(/usr/share/texlive/texmf-dist/tex/latex/l3kernel/expl3.sty
(/usr/share/texlive/texmf-dist/tex/latex/l3backend/l3backend-dvips.def))
(/usr/share/texlive/texmf-dist/tex/latex/l3packages/l3keys2e/l3keys2e.sty)
(/usr/share/texlive/texmf-dist/tex/latex/chemgreek/chemgreek.sty
(/usr/share/texlive/texmf-dist/tex/latex/l3packages/xparse/xparse.sty)))
(/usr/share/texlive/texmf-dist/tex/latex/setspace/setspace.sty) (./wasysym.sty)
 (/usr/share/texlive/texmf-dist/tex/latex/tools/layout.sty) (./braket.sty)
(/usr/share/texlive/texmf-dist/tex/latex/physics/physics.sty)
(/usr/share/texlive/texmf-dist/tex/platex/pxrubrica/pxrubrica.sty)
(/usr/share/texlive/texmf-dist/tex/platex/base/plext.sty)
(/usr/share/texlive/texmf-dist/tex/latex/base/fontenc.sty)
(/usr/share/texlive/texmf-dist/tex/latex/base/inputenc.sty)
(/usr/share/texlive/texmf-dist/tex/latex/pxfonts/pxfonts.sty))
(./hyoushi_pa4.tex)
Writing index file physics_2nd_A4_Normal.idx
(./renewcommand.tex) (./text_layout_A4_Normal.tex
(/usr/share/texlive/texmf-dist/tex/latex/geometry/geometry.sty
(/usr/share/texlive/texmf-dist/tex/generic/iftex/ifvtex.sty
(/usr/share/texlive/texmf-dist/tex/generic/iftex/iftex.sty))))
(/usr/share/texlive/texmf-dist/tex/latex/pxfonts/t1pxr.fd)
(./physics_2nd_A4_Normal.aux

LaTeX Warning: Label `fig:HoubutsuSen' multiply defined.


LaTeX Warning: Label `fig:HoubutsuSen' multiply defined.


LaTeX Warning: Label `fig:wakusei_kepler_low' multiply defined.


LaTeX Warning: Label `fig:DoutaiZetsuentai001' multiply defined.


LaTeX Warning: Label `fig:koyuuji1' multiply defined.


LaTeX Warning: Label `eq:EB_energy' multiply defined.


LaTeX Warning: Label `fig:netsu_heikou' multiply defined.


LaTeX Warning: Label `fig:netsu_heikou' multiply defined.


LaTeX Warning: Label `fig:netsu_heikou' multiply defined.


LaTeX Warning: Label `fig:kokutai_housha_1' multiply defined.


LaTeX Warning: Label `fig:sorenoido11' multiply defined.


LaTeX Warning: Label `fig:sorenoido22' multiply defined.


LaTeX Warning: Label `sorenoidoB' multiply defined.


LaTeX Warning: Label `table:f4unit' multiply defined.


LaTeX Warning: Label `fig:ThomomExpElec001' multiply defined.

) (/usr/share/texlive/texmf-dist/tex/latex/pxfonts/omlpxmi.fd)
(/usr/share/texlive/texmf-dist/tex/latex/pxfonts/omspxsy.fd)
(/usr/share/texlive/texmf-dist/tex/latex/pxfonts/omxpxex.fd)
(/usr/share/texlive/texmf-dist/tex/latex/pxfonts/upxexa.fd)
*geometry* driver: auto-detecting
*geometry* detected driver: dvips
(./pre_process.tex (/usr/share/texlive/texmf-dist/tex/latex/pxfonts/ot1pxr.fd)
(/usr/share/texlive/texmf-dist/tex/latex/pxfonts/upxsya.fd)
(/usr/share/texlive/texmf-dist/tex/latex/pxfonts/upxsyb.fd)
(/usr/share/texlive/texmf-dist/tex/latex/wasysym/uwasy.fd)
(/usr/share/texlive/texmf-dist/tex/latex/pxfonts/upxmia.fd)
(/usr/share/texlive/texmf-dist/tex/latex/pxfonts/upxsyc.fd) [1] [2]
(./About_this_Note.tex

LaTeX Font Warning: Font shape `U/wasy/b/n' in size <9> not available
(Font)              Font shape `U/wasy/m/n' tried instead on input line 3.


LaTeX Font Warning: Font shape `U/wasy/b/n' in size <6> not available
(Font)              Font shape `U/wasy/m/n' tried instead on input line 3.


LaTeX Font Warning: Font shape `U/wasy/b/n' in size <5> not available
(Font)              Font shape `U/wasy/m/n' tried instead on input line 3.

[1]) [2] (./ref_symbol.tex

LaTeX Font Warning: Font shape `U/wasy/b/n' in size <7> not available
(Font)              Font shape `U/wasy/m/n' tried instead on input line 18.

[3]) [4] [5] (./kijutu_naiyou.tex) [6] (./kijutu_chuui.tex [7] [8]) [9]
(./greek_alphabet.tex) [10] (./physics_2nd_A4_Normal.toc [11] [12] [13]
[14] [15]

LaTeX Warning: Reference `eq:LagEq003' on page 127 undefined on input line 293.



LaTeX Warning: Reference `eq:LagEq002' on page 127 undefined on input line 293.


[16] [17] [18] [19] [20]

LaTeX Warning: Reference `eq:MM1' on page 250 undefined on input line 525.


LaTeX Warning: Reference `eq:MM_10' on page 250 undefined on input line 526.

[21] [22] [23] [24] [25] [26] [27] [28] [29] [30] [31]) [32]) (./Main.tex
[1] [2] (./PhysNote_CM.tex
第 1 章
(./PhysNote_CM_PhysIntro.tex [3]
(/usr/share/texlive/texmf-dist/tex/latex/pxfonts/ts1pxr.fd) [4] [5]
Overfull \vbox (2.46431pt too high) has occurred while \output is active
[6] [7] [8] [9] [10] [11] [12] [13] [14] [15] [16] [17] [18] [19]

LaTeX Font Warning: Font shape `U/wasy/b/n' in size <8> not available
(Font)              Font shape `U/wasy/m/n' tried instead on input line 1737.

[20] [21]
Overfull \vbox (1.06001pt too high) has occurred while \output is active
[22] [23] [24]) [25] [26]
第 2 章
(./PhysNote_CM_MechIntro.tex [27] [28] [29] [30] [31] [32] [33] [34] [35]
[36] [37] [38] [39] [40]) [41] [42]
第 3 章
(./PhysNote_CM_Kinematics.tex [43] [44] [45] [46] [47] [48] [49] [50] [51]
[52] [53] [54] [55] [56]
Overfull \vbox (4.01761pt too high) has occurred while \output is active
[57]) [58]
第 4 章
(./PhysNote_CM_LawKinemaGrav.tex [59] [60] [61] [62] [63]) [64]
第 5 章
(./PhysNote_CM_ConservationLaw.tex [65] [66] [67] [68] [69] [70] [71] [72]
[73] [74] [75] [76] [77] [78] [79] [80] [81] [82] [83] [84] [85] [86]
Overfull \vbox (0.97855pt too high) has occurred while \output is active
[87]
Overfull \hbox (14.50002pt too wide) in paragraph at lines 1702--1720
[][][][] 
[88]
Overfull \hbox (14.50002pt too wide) in paragraph at lines 1752--1770
[][][][] 
[89] [90] [91]) [92]
第 6 章
(./PhysNote_CM_Zahyou.tex [93] [94] [95] [96] [97] [98] [99]) [100]
第 7 章
(./PhysNote_CM_KineEqEx.tex [101] [102] [103]
Overfull \hbox (14.50002pt too wide) in paragraph at lines 235--253
[][][][] 
[104] [105] [106] [107] [108] [109] [110] [111] [112] [113] [114]
(/usr/share/texlive/texmf-dist/tex/latex/pxfonts/t1pxss.fd) [115] [116]
[117] [118] [119]) [120]
第 8 章
(./PhysNote_CM_Kepler.tex [121]) [122]
第 9 章
(./PhysNote_CM_Analysis.tex [123] [124] [125] [126] [127] [128] [129] [130]
[131] [132] [133] [134] [135] [136] [137] [138] [139] [140] [141] [142]
[143] [144] [145] [146])) [147] [148] [149] [150] (./PhysNote_EM_1st.tex
第 10 章
(./PhysNote_EM_1st_Intro.tex [151] [152]) [153] [154]
第 11 章
(./PhysNote_EM_1st_GeneralIdea.tex [155] [156] [157] [158] [159] [160] [161]
[162] [163]
Overfull \hbox (14.50002pt too wide) in paragraph at lines 677--693
[][][][] 
[164] [165]) (./PhysNote_EM_1st_RShipIandRho.tex [166]
Overfull \hbox (14.50002pt too wide) in paragraph at lines 101--117
[][][][] 
[167] [168]) [169] [170]
第 12 章
(./PhysNote_EM_1st_CoulombLow.tex
Overfull \hbox (14.50002pt too wide) in paragraph at lines 51--67
[][][][] 
[171] [172] [173] [174] [175]
Overfull \hbox (14.50002pt too wide) in paragraph at lines 436--452
[][][][] 
[176] [177] [178]
Overfull \hbox (14.50002pt too wide) in paragraph at lines 620--636
[][][][] 
) [179] [180]
第 13 章
(./PhysNote_EM_1st_Elefield.tex
Overfull \hbox (14.50002pt too wide) in paragraph at lines 72--88
[][][][] 
[181] [182] [183] [184] [185]
Overfull \hbox (14.5pt too wide) in paragraph at lines 501--517
[][][][] 
(/usr/share/texlive/texmf-dist/tex/latex/pxfonts/t1pxtt.fd)
Overfull \hbox (14.50002pt too wide) in paragraph at lines 534--550
[][][][] 
[186]) [187] [188]
第 14 章
(./PhysNote_EM_1st_Magfield.tex
Overfull \hbox (14.50002pt too wide) in paragraph at lines 27--43
[][][][] 
[189]
Overfull \hbox (14.50002pt too wide) in paragraph at lines 126--142
[][][][] 
[190]
Overfull \hbox (14.50002pt too wide) in paragraph at lines 219--236
[][][][] 
[191] [192]) [193] [194]
第 15 章
(./PhysNote_EM_1st_LorentzForce.tex [195]) [196]
第 16 章
(./PhysNote_EM_1st_MaxEqImage.tex [197]
Overfull \hbox (14.50002pt too wide) in paragraph at lines 123--139
[][][][] 
[198]
Overfull \hbox (14.50002pt too wide) in paragraph at lines 211--227
[][][][] 
[199] [200] [201]
Overfull \hbox (14.50002pt too wide) in paragraph at lines 516--532
[][][][] 
[202] [203]) [204]
第 17 章
(./PhysNote_EM_1st_GaussLowEF.tex
Overfull \hbox (14.50002pt too wide) in paragraph at lines 31--43
[][][][] 
[205] [206] [207]
Overfull \hbox (14.50002pt too wide) in paragraph at lines 274--290
[][][][] 
[208] [209] [210] [211] [212] [213] [214]
Overfull \hbox (14.50002pt too wide) in paragraph at lines 847--866
[][][][] 

Overfull \hbox (14.50002pt too wide) in paragraph at lines 870--888
[][][][] 
[215] [216] [217] [218] [219] [220] [221] [222]) [223] [224]
第 18 章
(./PhysNote_EM_1st_GaussLowBF.tex [225]

LaTeX Warning: Command \b invalid in math mode on input line 71.

[226]) [227] [228]
第 19 章
(./PhysNote_EM_1st_AMLaw.tex [229]
Overfull \hbox (9.14397pt too wide) in paragraph at lines 92--97
\JY2/mc/m/n/10 である ． 電荷密度 $\OML/pxmi/m/it/10 ^^Z\OT1/pxr/m/n/10
 ([]\OML/pxmi/m/it/10 ; t\OT1/pxr/m/n/10 )$ \JY2/mc/m/n/10 が一定の値を
とることから\T1/pxr/m/n/10 , \JY2/mc/m/n/10 この式の第 \T1/pxr/m/n/1
0 1 \JY2/mc/m/n/10 項は \T1/pxr/m/n/10 0 \JY2/mc/m/n/10 なる ． つまり 
， この式に $[] [][] \OML/pxmi/m/it/10 ^^Z\OT1/pxr/m/n/10 ([]\OML/pxmi/m/i
t/10 ; t\OT1/pxr/m/n/10 ) d\OML/pxmi/m/it/10 V \OT1/pxr/m/n/10 =
[230] [231] [232] [233]
Overfull \hbox (14.50002pt too wide) in paragraph at lines 437--453
[][][][] 
[234] [235]) [236]
第 20 章
(./PhysNote_EM_1st_EInduction.tex [237] [238] [239])) [240] [241] [242]
[243] [244] (./PhysNote_SR.tex
第 21 章
(./PhysNote_SR_MsgFirst.tex [245]) [246]
第 22 章
(./PhysNote_SR_TwoPrinc.tex
Overfull \vbox (1.7942pt too high) has occurred while \output is active
[247] [248] [249] [250]) [251] [252]
第 23 章
(./PhysNote_SR_SRPheno.tex [253] [254] [255] [256] [257] [258] [259] [260]
[261] [262] [263] [264] [265] [266] [267]) [268]
第 24 章
(./PhysNote_SR_SRMech.tex [269] [270] [271] [272] [273] [274] [275] [276]
[277] [278] [279] [280])) [281] [282] [283] [284] (./PhysNote_EM_2nd.tex
第 25 章
(./PhysNote_EM_2nd_MsgFirst.tex [285]) (./PhysNote_EM_2nd_ReMkTheory.tex
[286]
Overfull \hbox (14.50002pt too wide) in paragraph at lines 48--64
[][][][] 
[287] [288]) [289] [290]
第 26 章
(./PhysNote_EM_2nd_RadioWave.tex [291] [292] [293] [294] [295] [296] [297]
[298] [299]) [300]
第 27 章
(./PhysNote_EM_2nd_Phenomenon.tex) [301] [302]
第 28 章
(./PhysNote_EM_2nd_Potential.tex [303] [304] [305] [306] [307] [308])
(./PhysNote_EM_2nd_ToSpecialRelativity.tex [309] [310])) [311] [312] [313]
[314] (./PhysNote_Statics.tex
第 29 章
(./PhysNote_TM_Introduction.tex [315] [316] [317] [318] [319] [320] [321]
[322]) [323] [324]
第 30 章
(./PhysNote_ST_StatGasEq.tex [325] [326] [327] [328] [329] [330] [331])
[332]
第 31 章
(./PhysNote_ST_GasMolTheory.tex [333] [334] [335] [336])) [337] [338] [339]
[340] (./PhysNote_QM.tex
第 32 章
(./PhysNote_QM_Particles.tex [341] [342] [343] [344]) [345] [346]
第 33 章
(./PhysNote_QM_Intro.tex [347] [348] [349] [350] [351]
Overfull \hbox (14.50002pt too wide) in paragraph at lines 370--386
[][][][] 
[352]) [353] [354]
第 34 章
(./PhysNote_QM_Main.tex [355] [356] [357] [358] [359] [360] [361]
Overfull \vbox (0.67673pt too high) has occurred while \output is active
[362] [363]) [364]
第 35 章
(./PhysNote_QM_RQM.tex [365])) [366] [367] [368] (./PhysNote_SSPE.tex
第 36 章
(./PhysNote_SSPE_Bands.tex) [369] [370]
第 37 章
(./PhysNote_Semiconductor.tex [371] [372] [373]
Overfull \hbox (14.50002pt too wide) in paragraph at lines 276--292
[][][][] 

Overfull \hbox (14.50002pt too wide) in paragraph at lines 295--311
[][][][] 
[374] [375]
Overfull \hbox (14.50002pt too wide) in paragraph at lines 406--422
[][][][] 
[376]
Overfull \hbox (14.50002pt too wide) in paragraph at lines 443--459
[][][][] 

Overfull \hbox (14.50002pt too wide) in paragraph at lines 473--489
[][][][] 
) [377]) [378] [379] [380] (./PhysNote_EECircuit.tex
第 38 章
(./PhysNote_EECircuit_RLCDiTr.tex [381] [382] [383] [384] [385] [386] [387]
[388]
Overfull \hbox (14.50002pt too wide) in paragraph at lines 631--647
[][][][] 
[389]
Overfull \hbox (14.50002pt too wide) in paragraph at lines 727--743
[][][][] 
[390] [391] [392] [393] [394] [395] [396] [397] [398] [399] [400] [401]

LaTeX Warning: Command \l invalid in math mode on input line 1603.


LaTeX Warning: Command \l invalid in math mode on input line 1626.


LaTeX Warning: Command \l invalid in math mode on input line 1626.

[402] [403] [404]) [405] [406]
第 39 章
(./PhysNote_EECircuit_Ecirc00.tex) [407] [408]
第 40 章
(./PhysNote_EECircuit_Ecirc01.tex) [409] [410]
第 41 章
(./PhysNote_EECircuit_CompPrim.tex
Overfull \hbox (14.50002pt too wide) in paragraph at lines 95--111
[][][][] 

Overfull \hbox (14.50002pt too wide) in paragraph at lines 113--129
[][][][] 
[411] [412] [413] [414])) (./Math_Top.tex [415] [416] [417] [418]
(./PhysNote_Math.tex
第 42 章
(./PhysNote_Math_MsgFirst.tex [419]) [420]
第 43 章
(./PhysNote_Math_Function.tex (./PhysNote_Math_Function_Set.tex [421] [422]
[423] [424] [425]

LaTeX Warning: Reference `fig:kyoutububun1' on page 426 undefined on input line
 480.


Overfull \hbox (14.50002pt too wide) in paragraph at lines 484--500
[][][][] 
[426] [427] [428] [429] [430]) (./PhysNote_Math_Function_Mapping.tex [431]
[432] [433]
Overfull \hbox (14.50002pt too wide) in paragraph at lines 233--250
[][][][]

Overfull \hbox (14.50002pt too wide) in paragraph at lines 261--277
[][][][] 
[434]
Overfull \hbox (14.50002pt too wide) in paragraph at lines 311--327
[][][][] 
[435] [436] [437])) [438]
第 44 章
(./PhysNote_Math_sincos.tex [439]) [440]
第 45 章
(./PhysNote_Math_DifrAndIntg.tex (./PhysNote_Math_DifrAndIntg_inf.tex [441]
[442] [443]) (./PhysNote_Math_DifrAndIntg_intg.tex [444] [445] [446]
Overfull \hbox (14.50002pt too wide) in paragraph at lines 231--247
[][][][] 
[447] [448] [449] [450] [451]
Overfull \hbox (14.50002pt too wide) in paragraph at lines 695--711
[][][][] 
[452] [453]) (./PhysNote_Math_DifrAndIntg_difr.tex [454] [455] [456] [457]
[458] [459]) (./PhysNote_Math_Fomulas.tex [460] [461] [462])) [463] [464]
第 46 章
(./PhysNote_Math_DifrEq.tex (./PhysNote_Math_DifrEq_Intro.tex)) [465] [466]
第 47 章
(./PhysNote_Math_Vector.tex (./PhysNote_Math_Vector_def.tex [467] [468]
[469] [470]) (./PhysNote_Math_Vector_AddSubMul.tex [471] [472])
(./PhysNote_Math_Vector_NaiSekiGaiSeki.tex [473]
Overfull \vbox (1.89273pt too high) has occurred while \output is active
[474] [475]
Overfull \hbox (14.50002pt too wide) in paragraph at lines 229--247
[][][][] 
[476] [477] [478] [479]
Overfull \hbox (14.50002pt too wide) in paragraph at lines 656--674
[][][][] 
) (./PhysNote_Math_Vector_TaniVector.tex [480] [481] [482])) [483] [484]
第 48 章
(./PhysNote_Math_VctrAnlys.tex [485] [486]
Overfull \hbox (14.50002pt too wide) in paragraph at lines 217--233
[][][][] 
[487]
Overfull \hbox (14.50002pt too wide) in paragraph at lines 260--276
[][][][] 
[488] [489]
Overfull \hbox (14.50002pt too wide) in paragraph at lines 466--482
[][][][] 
[490] [491] [492] [493]
Overfull \hbox (14.50002pt too wide) in paragraph at lines 778--794
[][][][] 

Overfull \hbox (14.50002pt too wide) in paragraph at lines 827--843
[][][][] 
[494] [495]) [496]
第 49 章
(./PhysNote_Math_Matrix.tex)) [497] [498] [499] [500]
(./PhysNote_Introduction.tex
付 録 A  
[501] [502] [503] [504]
付 録 B  
) [505] [506] [507] [508] (./PhysNote_Apdx_Omoukoto.tex
付 録 C  
(./PhysNote_Apdx_Omoukoto_SobokuGimon.tex [509]) [510]
付 録 D  
(./PhysNote_Apdx_Omoukoto_LogicMathEtc.tex [511]) [512]
付 録 E  
(./PhysNote_Apdx_Omoukoto_TaaiNaiOmoukoto.tex [513]))
(./PhysNote_Apdx_Vocabularry.tex [514]))) (./end_process.tex
(./thebibliogeaphy.tex [515] [516] [517]) [518] (./physics_2nd_A4_Normal.lof
[519] [520] [521]

LaTeX Warning: Reference `fig:coulombs_low' on page 287 undefined on input line
 191.

[522] [523] [524]) [525] [526] (./PhysNote_MsgLast.tex)
No file physics_2nd_A4_Normal.ind.
) [527] (./physics_2nd_A4_Normal.aux)

LaTeX Warning: There were undefined references.


LaTeX Warning: There were multiply-defined labels.

 )
(see the transcript file for additional information)
Output written on physics_2nd_A4_Normal.dvi (561 pages, 3123968 bytes).
Transcript written on physics_2nd_A4_Normal.log.
