This is e-upTeX, Version 3.141592653-p4.1.0-u1.29-230214-2.6 (utf8.uptex) (TeX Live 2023/Debian) (preloaded format=uplatex 2024.6.26)  13 JUL 2024 21:56
entering extended mode
 restricted \write18 enabled.
 %&-line parsing enabled.
**dashbox.ins
(./dashbox.ins
pLaTeX2e <2023-02-14u04>+1, based on
LaTeX2e <2023-06-01>
L3 programming layer <2023-06-05>
(/usr/share/texlive/texmf-dist/tex/latex/base/docstrip.tex
\blockLevel=\count184
\emptyLines=\count185
\processedLines=\count186
\commentsRemoved=\count187
\commentsPassed=\count188
\codeLinesPassed=\count189
\TotalprocessedLines=\count190
\TotalcommentsRemoved=\count191
\TotalcommentsPassed=\count192
\TotalcodeLinesPassed=\count193
\NumberOfFiles=\count194
\inFile=\read2
\inputcheck=\read3
\off@0=\count195
\off@1=\count196
\off@2=\count197
\off@3=\count198
\off@4=\count199
\off@5=\count266
\off@6=\count267
\off@7=\count268
\off@8=\count269
\off@9=\count270
\off@10=\count271
\off@11=\count272
\off@12=\count273
\off@13=\count274
\off@14=\count275
\off@15=\count276
\@maxfiles=\count277
\@maxoutfiles=\count278

Utility: `docstrip' v2.6b <2022-09-03>
English documentation    <2022-09-03>

**********************************************************
* This program converts documented macro-files into fast *
* loadable files by stripping off (nearly) all comments! *
**********************************************************

********************************************************
* No Configuration file found, using default settings. *
********************************************************

(./dashbox.ins

Generating file(s) ./dashbox.sty 
\openout0 = `./dashbox.sty'.


Processing file dashbox.dtx (package) -> dashbox.sty
% % <*dtx . > <driver . > % % % <*driver . . . . . > % % % % % % % % % % % % %
% % % % % % % % % % % % % % % % % % % % % % % % % % % % % % % % % % % % % % %
% % % % % % % % % % % % % % % % % % % % % % % % % % % % % % % % % % % % % % %
<*package . . . . . % % % % % % % % . % % % % . % % % % . % % % % % % % % % %
% % . . . . . . . . % % % % % % % % . . . . . . . . % % % % % % % % % % % % .
% % % % . % % % % . % % % % % % % % % . % % % % % . . % % % % % % . . % % % %
% . . % % % % % % . . . % % % % % . % % % % % % % . . . . % % % % % % . . . .
. % % % % % % % % % . . . . % % % % % % % % % % . . . . . . % % % % % % % % %
% % % % % % . % % % % . % % % % . % % % % . % % % % . % % % % . % % % % % % %
. % % % % % % % . . . . . . . . % % % % % . % % % % % . . % % % % % . % % % %
% . . . . . . . . % % % % % % % % . . . . % % % % % % % % . . . . . . . . . .
. . . . . . . . . . . . % % % % % % % % . . . . % % % % % % % % % % . % % % %
% % % % % % % . . . . . . . . . % % % % % % % % . . % % % % . . > % % % %
File dashbox.dtx ended by \endinput.
Lines  processed: 497
Comments removed: 350
Comments  passed: 6
Codelines passed: 134

) ) ) 
Here is how much of TeX's memory you used:
 336 strings out of 476390
 3496 string characters out of 5799333
 1844595 words of memory out of 5000000
 21183 multiletter control sequences out of 15000+600000
 516028 words of font info for 52 fonts, out of 8000000 for 9000
 929 hyphenation exceptions out of 8191
 16i,0n,23p,195b,125s stack positions out of 10000i,1000n,20000p,200000b,200000s

No pages of output.
