This is e-upTeX, Version 3.141592653-p4.1.0-u1.29-230214-2.6 (utf8.uptex) (TeX Live 2023/Debian) (preloaded format=uplatex)
 restricted \write18 enabled.
entering extended mode
(./wasysym.ins
pLaTeX2e <2023-02-14u04>+1, based on
LaTeX2e <2023-06-01>
L3 programming layer <2023-06-05>
(/usr/share/texlive/texmf-dist/tex/latex/base/docstrip.tex
Utility: `docstrip' v2.6b <2022-09-03>
English documentation    <2022-09-03>

**********************************************************
* This program converts documented macro-files into fast *
* loadable files by stripping off (nearly) all comments! *
**********************************************************

********************************************************
* No Configuration file found, using default settings. *
********************************************************

(./wasysym.ins
*** Generating .sty files ***

Generating file(s) ./wasysym.sty 

Processing file wasysym.dtx (package) -> wasysym.sty
File wasysym.dtx ended by \endinput.
Lines  processed: 745
Comments removed: 477
Comments  passed: 15
Codelines passed: 239

*** Generating .fd files ***

Generating file(s) ./uwasy.fd 

Processing file wasysym.dtx (fd) -> uwasy.fd
File wasysym.dtx ended by \endinput.
Lines  processed: 745
Comments removed: 477
Comments  passed: 15
Codelines passed: 239


Generating file(s) ./uwasyvar.fd 

Processing file wasysym.dtx (fdvar) -> uwasyvar.fd
File wasysym.dtx ended by \endinput.
Lines  processed: 745
Comments removed: 477
Comments  passed: 15
Codelines passed: 239

***********************************************************
*
* To finish the installation you have to move the following
* files into a directory searched by TeX:
*
*   wasysym.sty
*   uwasy.fd
*   uwasyvar.fd
*
* If you want to use the wasy symbols at arbitrary sizes
* and have access to the scalable Type 1 fonts,
* substitute the font definition file uwasyvar.fd for
* uwasy.fd, i.e. rename uwasyvar.fd to uwasy.fd.
* Doing so is, however, not recommended, if you have
* got bitmap fonts only.
*
* To produce the documentation run the files ending with
* `.dtx' through LaTeX.
*
* Happy TeXing
***********************************************************
)
Overall statistics:
Files  processed: 3
Lines  processed: 2235
Comments removed: 1431
Comments  passed: 45
Codelines passed: 717
 ) )
No pages of output.
Transcript written on wasysym.log.
