This is e-upTeX, Version 3.141592653-p3.9.1-u1.27-210218-2.6 (utf8.uptex) (TeX Live 2022/dev/Debian) (preloaded format=uplatex 2023.6.20)  25 NOV 2023 02:13
entering extended mode
 restricted \write18 enabled.
 %&-line parsing enabled.
**wasysym.ins
(./wasysym.ins
pLaTeX2e <2021-11-15u04> (based on LaTeX2e <2021-11-15> patch level 1)
L3 programming layer <2022-01-21>
(/usr/share/texlive/texmf-dist/tex/latex/base/docstrip.tex
\blockLevel=\count184
\emptyLines=\count185
\processedLines=\count186
\commentsRemoved=\count187
\commentsPassed=\count188
\codeLinesPassed=\count189
\TotalprocessedLines=\count190
\TotalcommentsRemoved=\count191
\TotalcommentsPassed=\count192
\TotalcodeLinesPassed=\count193
\NumberOfFiles=\count194
\inFile=\read2
\inputcheck=\read3
\off@0=\count195
\off@1=\count196
\off@2=\count197
\off@3=\count198
\off@4=\count199
\off@5=\count266
\off@6=\count267
\off@7=\count268
\off@8=\count269
\off@9=\count270
\off@10=\count271
\off@11=\count272
\off@12=\count273
\off@13=\count274
\off@14=\count275
\off@15=\count276
\@maxfiles=\count277
\@maxoutfiles=\count278

Utility: `docstrip' v2.6a <2020-11-23>
English documentation    <2020-11-23>

**********************************************************
* This program converts documented macro-files into fast *
* loadable files by stripping off (nearly) all comments! *
**********************************************************

********************************************************
* No Configuration file found, using default settings. *
********************************************************

(./wasysym.ins
*** Generating .sty files ***

Generating file(s) ./wasysym.sty 
\openout0 = `./wasysym.sty'.


Processing file wasysym.dtx (package) -> wasysym.sty
File wasysym.dtx ended by \endinput.
Lines  processed: 745
Comments removed: 477
Comments  passed: 15
Codelines passed: 239

*** Generating .fd files ***

Generating file(s) ./uwasy.fd 
\openout0 = `./uwasy.fd'.


Processing file wasysym.dtx (fd) -> uwasy.fd
File wasysym.dtx ended by \endinput.
Lines  processed: 745
Comments removed: 477
Comments  passed: 15
Codelines passed: 239


Generating file(s) ./uwasyvar.fd 
\openout0 = `./uwasyvar.fd'.


Processing file wasysym.dtx (fdvar) -> uwasyvar.fd
File wasysym.dtx ended by \endinput.
Lines  processed: 745
Comments removed: 477
Comments  passed: 15
Codelines passed: 239

***********************************************************
*
* To finish the installation you have to move the following
* files into a directory searched by TeX:
*
*   wasysym.sty
*   uwasy.fd
*   uwasyvar.fd
*
* If you want to use the wasy symbols at arbitrary sizes
* and have access to the scalable Type 1 fonts,
* substitute the font definition file uwasyvar.fd for
* uwasy.fd, i.e. rename uwasyvar.fd to uwasy.fd.
* Doing so is, however, not recommended, if you have
* got bitmap fonts only.
*
* To produce the documentation run the files ending with
* `.dtx' through LaTeX.
*
* Happy TeXing
***********************************************************
)
Overall statistics:
Files  processed: 3
Lines  processed: 2235
Comments removed: 1431
Comments  passed: 45
Codelines passed: 717
 ) ) 
Here is how much of TeX's memory you used:
 351 strings out of 478733
 3672 string characters out of 5860893
 304399 words of memory out of 5000000
 18866 multiletter control sequences out of 15000+600000
 471900 words of font info for 46 fonts, out of 8000000 for 9000
 929 hyphenation exceptions out of 8191
 18i,0n,23p,189b,123s stack positions out of 5000i,500n,10000p,200000b,80000s

No pages of output.
