This is e-upTeX, Version 3.141592653-p4.1.0-u1.29-230214-2.6 (utf8.uptex) (TeX Live 2023/Debian) (preloaded format=uplatex)
 restricted \write18 enabled.
entering extended mode
(./onlyamsmath.ins
pLaTeX2e <2023-02-14u04>+1, based on
LaTeX2e <2023-06-01>
L3 programming layer <2023-06-05>
(/usr/share/texlive/texmf-dist/tex/latex/base/docstrip.tex
Utility: `docstrip' v2.6b <2022-09-03>
English documentation    <2022-09-03>

**********************************************************
* This program converts documented macro-files into fast *
* loadable files by stripping off (nearly) all comments! *
**********************************************************

********************************************************
* No Configuration file found, using default settings. *
********************************************************

(./onlyamsmath.ins

Generating file(s) ./onlyamsmath.sty 

Processing file onlyamsmath.dtx (package) -> onlyamsmath.sty
% % % % % % <*driver . . . . . . . . . . . . . . . . . . . . . . . . . . . . .
. . . . . . . > % % % % % % % % % % % % % % % % % % % % % % % % % % % % % % %
% % % % % % % % % % % % % % % % % % % % % % % % % % % % % % % % % % % % % % %
% % % % % % % % % % % % % % % % % % % % % <package . > <version . >
<package,version . > % % <*package % % % . % % % % % % % % % % . . % % % . . .
. . % % % . . . . % % % . % % % . % % % % % % % % . . . . . . . . . . % % % %
% % % % . % % % % % % . % % % % % . % % % . % % % . . % % % % % . % % % % . %
% % . % % % % . % % % . % % % % % % % % . . . % % % . . . % % % . . % % % % %
% % . % % % % % % % . . . % % % % % . % % % . . % % % % % . % % > % % .
Lines  processed: 316
Comments removed: 221
Comments  passed: 0
Codelines passed: 88


Generating file(s) ./onlyamsmath-v.tex 

Processing file onlyamsmath.dtx (version) -> onlyamsmath-v.tex
% % % % % % <*driver . . . . . . . . . . . . . . . . . . . . . . . . . . . . .
. . . . . . . > % % % % % % % % % % % % % % % % % % % % % % % % % % % % % % %
% % % % % % % % % % % % % % % % % % % % % % % % % % % % % % % % % % % % % % %
% % % % % % % % % % % % % % % % % % % % % <package . > <version . >
<package,version . > % % <*package % % % . % % % % % % % % % % . . % % % . . .
. . % % % . . . . % % % . % % % . % % % % % % % % . . . . . . . . . . % % % %
% % % % . % % % % % % . % % % % % . % % % . % % % . . % % % % % . % % % % . %
% % . % % % % . % % % . % % % % % % % % . . . % % % . . . % % % . . % % % % %
% % . % % % % % % % . . . % % % % % . % % % . . % % % % % . % % > % % .
Lines  processed: 316
Comments removed: 221
Comments  passed: 0
Codelines passed: 88

* Fertig
)
Overall statistics:
Files  processed: 2
Lines  processed: 632
Comments removed: 442
Comments  passed: 0
Codelines passed: 176
 ) )
No pages of output.
Transcript written on onlyamsmath.log.
